0 info it worked if it ends with ok
1 verbose cli [ 'C:\\Program Files (x86)\\nodejs\\node.exe',
1 verbose cli   'C:\\Program Files (x86)\\nodejs\\node_modules\\npm\\bin\\npm-cli.js',
1 verbose cli   'install' ]
2 info using npm@2.15.1
3 info using node@v4.4.4
4 verbose readDependencies loading dependencies from C:\Users\thiagoaos\Documents\workspace\projetos\php\base\package.json
5 verbose install where, deps [ 'C:\\Users\\thiagoaos\\Documents\\workspace\\projetos\\php\\base',
5 verbose install   [ 'bower',
5 verbose install     'browser-sync',
5 verbose install     'eslint',
5 verbose install     'eslint-plugin-angular',
5 verbose install     'gulp',
5 verbose install     'gulp-babel',
5 verbose install     'gulp-changed',
5 verbose install     'gulp-clean-css',
5 verbose install     'gulp-concat',
5 verbose install     'gulp-eslint',
5 verbose install     'gulp-if',
5 verbose install     'gulp-inject',
5 verbose install     'gulp-ng-annotate',
5 verbose install     'gulp-plumber',
5 verbose install     'gulp-rename',
5 verbose install     'gulp-sass',
5 verbose install     'gulp-shell',
5 verbose install     'gulp-sourcemaps',
5 verbose install     'gulp-uglify',
5 verbose install     'gulp-util',
5 verbose install     'gulp-watch',
5 verbose install     'jshint',
5 verbose install     'lazypipe',
5 verbose install     'path',
5 verbose install     'stream-series',
5 verbose install     'yargs' ] ]
6 verbose install where, peers [ 'C:\\Users\\thiagoaos\\Documents\\workspace\\projetos\\php\\base',
6 verbose install   [] ]
7 verbose installManyTop reading for lifecycle C:\Users\thiagoaos\Documents\workspace\projetos\php\base\package.json
8 info preinstall base-php-laravel-angular@1.0.0
9 verbose installManyTop reading scoped package data from C:\Users\thiagoaos\Documents\workspace\projetos\php\base\node_modules\bower\package.json
10 verbose installManyTop reading scoped package data from C:\Users\thiagoaos\Documents\workspace\projetos\php\base\node_modules\browser-sync\package.json
11 verbose installManyTop reading scoped package data from C:\Users\thiagoaos\Documents\workspace\projetos\php\base\node_modules\eslint\package.json
12 verbose installManyTop reading scoped package data from C:\Users\thiagoaos\Documents\workspace\projetos\php\base\node_modules\eslint-plugin-angular\package.json
13 verbose installManyTop reading scoped package data from C:\Users\thiagoaos\Documents\workspace\projetos\php\base\node_modules\gulp\package.json
14 verbose installManyTop reading scoped package data from C:\Users\thiagoaos\Documents\workspace\projetos\php\base\node_modules\gulp-babel\package.json
15 verbose installManyTop reading scoped package data from C:\Users\thiagoaos\Documents\workspace\projetos\php\base\node_modules\gulp-changed\package.json
16 verbose installManyTop reading scoped package data from C:\Users\thiagoaos\Documents\workspace\projetos\php\base\node_modules\gulp-clean-css\package.json
17 verbose installManyTop reading scoped package data from C:\Users\thiagoaos\Documents\workspace\projetos\php\base\node_modules\gulp-concat\package.json
18 verbose installManyTop reading scoped package data from C:\Users\thiagoaos\Documents\workspace\projetos\php\base\node_modules\gulp-eslint\package.json
19 verbose installManyTop reading scoped package data from C:\Users\thiagoaos\Documents\workspace\projetos\php\base\node_modules\gulp-if\package.json
20 verbose installManyTop reading scoped package data from C:\Users\thiagoaos\Documents\workspace\projetos\php\base\node_modules\gulp-inject\package.json
21 verbose installManyTop reading scoped package data from C:\Users\thiagoaos\Documents\workspace\projetos\php\base\node_modules\gulp-minify-css\package.json
22 verbose installManyTop reading scoped package data from C:\Users\thiagoaos\Documents\workspace\projetos\php\base\node_modules\gulp-ng-annotate\package.json
23 verbose installManyTop reading scoped package data from C:\Users\thiagoaos\Documents\workspace\projetos\php\base\node_modules\gulp-plumber\package.json
24 verbose installManyTop reading scoped package data from C:\Users\thiagoaos\Documents\workspace\projetos\php\base\node_modules\gulp-rename\package.json
25 verbose installManyTop reading scoped package data from C:\Users\thiagoaos\Documents\workspace\projetos\php\base\node_modules\gulp-sass\package.json
26 verbose installManyTop reading scoped package data from C:\Users\thiagoaos\Documents\workspace\projetos\php\base\node_modules\gulp-shell\package.json
27 verbose installManyTop reading scoped package data from C:\Users\thiagoaos\Documents\workspace\projetos\php\base\node_modules\gulp-sourcemaps\package.json
28 verbose installManyTop reading scoped package data from C:\Users\thiagoaos\Documents\workspace\projetos\php\base\node_modules\gulp-uglify\package.json
29 verbose installManyTop reading scoped package data from C:\Users\thiagoaos\Documents\workspace\projetos\php\base\node_modules\gulp-util\package.json
30 verbose installManyTop reading scoped package data from C:\Users\thiagoaos\Documents\workspace\projetos\php\base\node_modules\gulp-watch\package.json
31 verbose installManyTop reading scoped package data from C:\Users\thiagoaos\Documents\workspace\projetos\php\base\node_modules\jshint\package.json
32 verbose installManyTop reading scoped package data from C:\Users\thiagoaos\Documents\workspace\projetos\php\base\node_modules\lazypipe\package.json
33 verbose installManyTop reading scoped package data from C:\Users\thiagoaos\Documents\workspace\projetos\php\base\node_modules\path\package.json
34 verbose installManyTop reading scoped package data from C:\Users\thiagoaos\Documents\workspace\projetos\php\base\node_modules\stream-series\package.json
35 verbose installManyTop reading scoped package data from C:\Users\thiagoaos\Documents\workspace\projetos\php\base\node_modules\yargs\package.json
36 info package.json gulp-clean-css@2.0.11 No README data
37 info package.json gulp-rename@1.2.2 No license field.
38 info package.json gulp-minify-css@1.2.4 No repository field.
39 info package.json path@0.12.7 path is also the name of a node core module.
40 verbose readDependencies loading dependencies from C:\Users\thiagoaos\Documents\workspace\projetos\php\base\package.json
41 verbose targetResolver reading package data from C:\Users\thiagoaos\Documents\workspace\projetos\php\base\node_modules\bower\package.json
42 verbose targetResolver reading package data from C:\Users\thiagoaos\Documents\workspace\projetos\php\base\node_modules\browser-sync\package.json
43 verbose targetResolver reading package data from C:\Users\thiagoaos\Documents\workspace\projetos\php\base\node_modules\eslint\package.json
44 verbose targetResolver reading package data from C:\Users\thiagoaos\Documents\workspace\projetos\php\base\node_modules\eslint-plugin-angular\package.json
45 verbose targetResolver reading package data from C:\Users\thiagoaos\Documents\workspace\projetos\php\base\node_modules\gulp\package.json
46 verbose targetResolver reading package data from C:\Users\thiagoaos\Documents\workspace\projetos\php\base\node_modules\gulp-babel\package.json
47 verbose targetResolver reading package data from C:\Users\thiagoaos\Documents\workspace\projetos\php\base\node_modules\gulp-changed\package.json
48 verbose targetResolver reading package data from C:\Users\thiagoaos\Documents\workspace\projetos\php\base\node_modules\gulp-clean-css\package.json
49 verbose targetResolver reading package data from C:\Users\thiagoaos\Documents\workspace\projetos\php\base\node_modules\gulp-concat\package.json
50 verbose targetResolver reading package data from C:\Users\thiagoaos\Documents\workspace\projetos\php\base\node_modules\gulp-eslint\package.json
51 verbose targetResolver reading package data from C:\Users\thiagoaos\Documents\workspace\projetos\php\base\node_modules\gulp-if\package.json
52 verbose targetResolver reading package data from C:\Users\thiagoaos\Documents\workspace\projetos\php\base\node_modules\gulp-inject\package.json
53 verbose targetResolver reading package data from C:\Users\thiagoaos\Documents\workspace\projetos\php\base\node_modules\gulp-minify-css\package.json
54 verbose targetResolver reading package data from C:\Users\thiagoaos\Documents\workspace\projetos\php\base\node_modules\gulp-ng-annotate\package.json
55 verbose targetResolver reading package data from C:\Users\thiagoaos\Documents\workspace\projetos\php\base\node_modules\gulp-plumber\package.json
56 verbose targetResolver reading package data from C:\Users\thiagoaos\Documents\workspace\projetos\php\base\node_modules\gulp-rename\package.json
57 verbose targetResolver reading package data from C:\Users\thiagoaos\Documents\workspace\projetos\php\base\node_modules\gulp-sass\package.json
58 verbose targetResolver reading package data from C:\Users\thiagoaos\Documents\workspace\projetos\php\base\node_modules\gulp-shell\package.json
59 verbose targetResolver reading package data from C:\Users\thiagoaos\Documents\workspace\projetos\php\base\node_modules\gulp-sourcemaps\package.json
60 verbose targetResolver reading package data from C:\Users\thiagoaos\Documents\workspace\projetos\php\base\node_modules\gulp-uglify\package.json
61 verbose targetResolver reading package data from C:\Users\thiagoaos\Documents\workspace\projetos\php\base\node_modules\gulp-util\package.json
62 verbose targetResolver reading package data from C:\Users\thiagoaos\Documents\workspace\projetos\php\base\node_modules\gulp-watch\package.json
63 verbose targetResolver reading package data from C:\Users\thiagoaos\Documents\workspace\projetos\php\base\node_modules\jshint\package.json
64 verbose targetResolver reading package data from C:\Users\thiagoaos\Documents\workspace\projetos\php\base\node_modules\lazypipe\package.json
65 verbose targetResolver reading package data from C:\Users\thiagoaos\Documents\workspace\projetos\php\base\node_modules\path\package.json
66 verbose targetResolver reading package data from C:\Users\thiagoaos\Documents\workspace\projetos\php\base\node_modules\stream-series\package.json
67 verbose targetResolver reading package data from C:\Users\thiagoaos\Documents\workspace\projetos\php\base\node_modules\yargs\package.json
68 verbose targetResolver reading package data from C:\Users\thiagoaos\Documents\workspace\projetos\php\base\node_modules\.bin\bower\package.json
69 verbose targetResolver reading package data from C:\Users\thiagoaos\Documents\workspace\projetos\php\base\node_modules\.bin\bower.cmd\package.json
70 verbose targetResolver reading package data from C:\Users\thiagoaos\Documents\workspace\projetos\php\base\node_modules\.bin\browser-sync\package.json
71 verbose targetResolver reading package data from C:\Users\thiagoaos\Documents\workspace\projetos\php\base\node_modules\.bin\browser-sync.cmd\package.json
72 verbose targetResolver reading package data from C:\Users\thiagoaos\Documents\workspace\projetos\php\base\node_modules\.bin\eslint\package.json
73 verbose targetResolver reading package data from C:\Users\thiagoaos\Documents\workspace\projetos\php\base\node_modules\.bin\eslint.cmd\package.json
74 verbose targetResolver reading package data from C:\Users\thiagoaos\Documents\workspace\projetos\php\base\node_modules\.bin\gulp\package.json
75 verbose targetResolver reading package data from C:\Users\thiagoaos\Documents\workspace\projetos\php\base\node_modules\.bin\gulp.cmd\package.json
76 verbose targetResolver reading package data from C:\Users\thiagoaos\Documents\workspace\projetos\php\base\node_modules\.bin\jshint\package.json
77 verbose targetResolver reading package data from C:\Users\thiagoaos\Documents\workspace\projetos\php\base\node_modules\.bin\jshint.cmd\package.json
78 verbose already installed skipping gulp-changed@^1.3.0 C:\Users\thiagoaos\Documents\workspace\projetos\php\base
79 verbose already installed skipping gulp-clean-css@^2.0.11 C:\Users\thiagoaos\Documents\workspace\projetos\php\base
80 verbose already installed skipping gulp-concat@^2.6.0 C:\Users\thiagoaos\Documents\workspace\projetos\php\base
81 verbose already installed skipping gulp-eslint@^3.0.1 C:\Users\thiagoaos\Documents\workspace\projetos\php\base
82 verbose already installed skipping gulp-if@^2.0.1 C:\Users\thiagoaos\Documents\workspace\projetos\php\base
83 verbose already installed skipping gulp-inject@^4.1.0 C:\Users\thiagoaos\Documents\workspace\projetos\php\base
84 verbose already installed skipping gulp-ng-annotate@^2.0.0 C:\Users\thiagoaos\Documents\workspace\projetos\php\base
85 verbose already installed skipping gulp-plumber@^1.0.1 C:\Users\thiagoaos\Documents\workspace\projetos\php\base
86 verbose already installed skipping gulp-rename@^1.2.2 C:\Users\thiagoaos\Documents\workspace\projetos\php\base
87 verbose already installed skipping gulp-sass@^2.1.1 C:\Users\thiagoaos\Documents\workspace\projetos\php\base
88 verbose already installed skipping gulp-shell@^0.5.2 C:\Users\thiagoaos\Documents\workspace\projetos\php\base
89 verbose already installed skipping gulp-sourcemaps@^1.6.0 C:\Users\thiagoaos\Documents\workspace\projetos\php\base
90 verbose already installed skipping gulp-uglify@^1.5.1 C:\Users\thiagoaos\Documents\workspace\projetos\php\base
91 verbose already installed skipping gulp-util@^3.0.7 C:\Users\thiagoaos\Documents\workspace\projetos\php\base
92 verbose already installed skipping gulp-watch@^4.3.5 C:\Users\thiagoaos\Documents\workspace\projetos\php\base
93 verbose already installed skipping jshint@^2.9.2 C:\Users\thiagoaos\Documents\workspace\projetos\php\base
94 verbose already installed skipping lazypipe@^1.0.1 C:\Users\thiagoaos\Documents\workspace\projetos\php\base
95 verbose already installed skipping path@^0.12.7 C:\Users\thiagoaos\Documents\workspace\projetos\php\base
96 verbose already installed skipping stream-series@^0.1.1 C:\Users\thiagoaos\Documents\workspace\projetos\php\base
97 verbose already installed skipping yargs@^4.8.1 C:\Users\thiagoaos\Documents\workspace\projetos\php\base
98 verbose already installed skipping bower@^1.7.9 C:\Users\thiagoaos\Documents\workspace\projetos\php\base
99 verbose already installed skipping browser-sync@^2.13.0 C:\Users\thiagoaos\Documents\workspace\projetos\php\base
100 verbose already installed skipping eslint@^3.1.1 C:\Users\thiagoaos\Documents\workspace\projetos\php\base
101 verbose already installed skipping eslint-plugin-angular@^1.3.0 C:\Users\thiagoaos\Documents\workspace\projetos\php\base
102 verbose already installed skipping gulp@^3.9.0 C:\Users\thiagoaos\Documents\workspace\projetos\php\base
103 verbose already installed skipping gulp-babel@^6.1.2 C:\Users\thiagoaos\Documents\workspace\projetos\php\base
104 silly install resolved []
105 info build C:\Users\thiagoaos\Documents\workspace\projetos\php\base
106 info linkStuff base-php-laravel-angular@1.0.0
107 silly linkStuff base-php-laravel-angular@1.0.0 has C:\Users\thiagoaos\Documents\workspace\projetos\php as its parent node_modules
108 verbose linkBins base-php-laravel-angular@1.0.0
109 verbose linkMans base-php-laravel-angular@1.0.0
110 verbose rebuildBundles base-php-laravel-angular@1.0.0
111 verbose rebuildBundles [ '.bin',
111 verbose rebuildBundles   'bower',
111 verbose rebuildBundles   'browser-sync',
111 verbose rebuildBundles   'eslint',
111 verbose rebuildBundles   'eslint-plugin-angular',
111 verbose rebuildBundles   'gulp',
111 verbose rebuildBundles   'gulp-babel',
111 verbose rebuildBundles   'gulp-changed',
111 verbose rebuildBundles   'gulp-clean-css',
111 verbose rebuildBundles   'gulp-concat',
111 verbose rebuildBundles   'gulp-eslint',
111 verbose rebuildBundles   'gulp-if',
111 verbose rebuildBundles   'gulp-inject',
111 verbose rebuildBundles   'gulp-minify-css',
111 verbose rebuildBundles   'gulp-ng-annotate',
111 verbose rebuildBundles   'gulp-plumber',
111 verbose rebuildBundles   'gulp-rename',
111 verbose rebuildBundles   'gulp-sass',
111 verbose rebuildBundles   'gulp-shell',
111 verbose rebuildBundles   'gulp-sourcemaps',
111 verbose rebuildBundles   'gulp-uglify',
111 verbose rebuildBundles   'gulp-util',
111 verbose rebuildBundles   'gulp-watch',
111 verbose rebuildBundles   'jshint',
111 verbose rebuildBundles   'lazypipe',
111 verbose rebuildBundles   'path',
111 verbose rebuildBundles   'stream-series',
111 verbose rebuildBundles   'yargs' ]
112 verbose rebuild bundle C:\Users\thiagoaos\Documents\workspace\projetos\php\base\node_modules\gulp-minify-css
113 info build C:\Users\thiagoaos\Documents\workspace\projetos\php\base\node_modules\gulp-minify-css
114 info preinstall gulp-minify-css@1.2.4
115 info linkStuff gulp-minify-css@1.2.4
116 silly linkStuff gulp-minify-css@1.2.4 has C:\Users\thiagoaos\Documents\workspace\projetos\php\base\node_modules as its parent node_modules
117 verbose linkBins gulp-minify-css@1.2.4
118 verbose linkMans gulp-minify-css@1.2.4
119 verbose rebuildBundles gulp-minify-css@1.2.4
120 verbose rebuildBundles [ '.bin',
120 verbose rebuildBundles   'clean-css',
120 verbose rebuildBundles   'object-assign',
120 verbose rebuildBundles   'readable-stream',
120 verbose rebuildBundles   'vinyl-bufferstream',
120 verbose rebuildBundles   'vinyl-sourcemaps-apply' ]
121 info install gulp-minify-css@1.2.4
122 info postinstall gulp-minify-css@1.2.4
123 info install base-php-laravel-angular@1.0.0
124 info postinstall base-php-laravel-angular@1.0.0
125 verbose unsafe-perm in lifecycle true
126 info base-php-laravel-angular@1.0.0 Failed to exec postinstall script
127 verbose stack Error: base-php-laravel-angular@1.0.0 postinstall: `bower install`
127 verbose stack Exit status 1
127 verbose stack     at EventEmitter.<anonymous> (C:\Program Files (x86)\nodejs\node_modules\npm\lib\utils\lifecycle.js:217:16)
127 verbose stack     at emitTwo (events.js:87:13)
127 verbose stack     at EventEmitter.emit (events.js:172:7)
127 verbose stack     at ChildProcess.<anonymous> (C:\Program Files (x86)\nodejs\node_modules\npm\lib\utils\spawn.js:24:14)
127 verbose stack     at emitTwo (events.js:87:13)
127 verbose stack     at ChildProcess.emit (events.js:172:7)
127 verbose stack     at maybeClose (internal/child_process.js:827:16)
127 verbose stack     at Process.ChildProcess._handle.onexit (internal/child_process.js:211:5)
128 verbose pkgid base-php-laravel-angular@1.0.0
129 verbose cwd C:\Users\thiagoaos\Documents\workspace\projetos\php\base
130 error Windows_NT 10.0.14393
131 error argv "C:\\Program Files (x86)\\nodejs\\node.exe" "C:\\Program Files (x86)\\nodejs\\node_modules\\npm\\bin\\npm-cli.js" "install"
132 error node v4.4.4
133 error npm  v2.15.1
134 error code ELIFECYCLE
135 error base-php-laravel-angular@1.0.0 postinstall: `bower install`
135 error Exit status 1
136 error Failed at the base-php-laravel-angular@1.0.0 postinstall script 'bower install'.
136 error This is most likely a problem with the base-php-laravel-angular package,
136 error not with npm itself.
136 error Tell the author that this fails on your system:
136 error     bower install
136 error You can get information on how to open an issue for this project with:
136 error     npm bugs base-php-laravel-angular
136 error Or if that isn't available, you can get their info via:
136 error
136 error     npm owner ls base-php-laravel-angular
136 error There is likely additional logging output above.
137 verbose exit [ 1, true ]
